time="2024-03-18 17:42:38" level=info msg="start server...\r\ngo：http://0.0.0.0:8081"
time="2024-03-18 17:42:42" level=info msg="| 200 |    2.555445ms |             ::1 | GET | /main |"
time="2024-03-18 17:42:42" level=info msg="| 200 |   2.47890436s |             ::1 | GET | /ws_kefu?token=eyJhbGciOiJIUzI1NiIsInR5cCI6IkpXVCJ9.eyJjcmVhdGVfdGltZSI6MTcxMDY4MzM4Nywia2VmdV9pZCI6MSwibmFtZSI6ImtlZnUyIiwicm9sZV9pZCI6MSwidHlwZSI6ImtlZnUifQ.-lmfaCtClwwHBc4eN7KTk6zZ2YDAez9TYUh_l6rXQoQ |"
time="2024-03-18 17:42:42" level=info msg="| 200 |    1.136077ms |             ::1 | POST | /check_auth |"
time="2024-03-18 17:42:42" level=info msg="| 200 |    3.397425ms |             ::1 | GET | /chat_main |"
time="2024-03-18 17:42:43" level=info msg="| 200 |     573.492µs |             ::1 | GET | /visitors_kefu_online |"
time="2024-03-18 17:42:43" level=info msg="| 200 |    9.168418ms |             ::1 | GET | /ipblacks |"
time="2024-03-18 17:42:43" level=info msg="| 200 |   42.305617ms |             ::1 | GET | /kefuinfo |"
time="2024-03-18 17:42:43" level=info msg="| 200 |   82.919289ms |             ::1 | GET | /replys |"
time="2024-03-18 17:42:49" level=info msg="| 200 |     4.99784ms |       127.0.0.1 | GET | /chatIndex?kefu_id=kefu2 |"
time="2024-03-18 17:42:50" level=info msg="| 200 |  118.370218ms |       127.0.0.1 | POST | /visitor_login |"
time="2024-03-18 17:42:50" level=info msg="send_kefu_message <nil> {\"type\":\"notice\",\"data\":{\"avator\":\"/static/images/2.png\",\"content\":\"本机地址本机地址网友来了\",\"username\":\"本机地址本机地址网友\"}}"
time="2024-03-18 17:42:50" level=info msg="send_kefu_message <nil> {\"type\":\"userOnline\",\"data\":{\"avator\":\"/static/images/2.png\",\"last_message\":\"1\",\"uid\":\"e9d001ae-821c-4d80-b1ba-43663f8b1cda\",\"username\":\"本机地址本机地址网友\"}}"
time="2024-03-18 17:42:50" level=info msg="send_kefu_message <nil> {\"type\":\"userOnline\",\"data\":{\"avator\":\"/static/images/2.png\",\"last_message\":\"1\",\"uid\":\"e9d001ae-821c-4d80-b1ba-43663f8b1cda\",\"username\":\"本机地址本机地址网友\"}}"
time="2024-03-18 17:42:50" level=info msg="| 200 |    9.007449ms |       127.0.0.1 | GET | /2/messagesPages?page=1&pagesize=5&visitor_id=e9d001ae-821c-4d80-b1ba-43663f8b1cda |"
time="2024-03-18 17:42:50" level=info msg="| 200 |   14.268772ms |       127.0.0.1 | GET | /notice?kefu_id=kefu2 |"
time="2024-03-18 17:42:55" level=info msg="| 200 |     936.735µs |             ::1 | GET | /visitor?visitorId=e9d001ae-821c-4d80-b1ba-43663f8b1cda |"
time="2024-03-18 17:42:55" level=info msg="| 200 |    2.533518ms |             ::1 | GET | /2/messagesPages?page=1&pagesize=15&visitor_id=e9d001ae-821c-4d80-b1ba-43663f8b1cda |"
time="2024-03-18 17:42:58" level=info msg="| 200 |    1.555068ms |             ::1 | GET | /pannel |"
time="2024-03-18 17:42:58" level=info msg="| 200 | 14.548911181s |             ::1 | GET | /ws_kefu?token=eyJhbGciOiJIUzI1NiIsInR5cCI6IkpXVCJ9.eyJjcmVhdGVfdGltZSI6MTcxMDY4MzM4Nywia2VmdV9pZCI6MSwibmFtZSI6ImtlZnUyIiwicm9sZV9pZCI6MSwidHlwZSI6ImtlZnUifQ.-lmfaCtClwwHBc4eN7KTk6zZ2YDAez9TYUh_l6rXQoQ |"
time="2024-03-18 17:42:58" level=info msg="| 200 |    5.266386ms |             ::1 | GET | /kefu/chartStatistics |"
time="2024-03-18 17:43:00" level=info msg="| 200 |    2.679802ms |             ::1 | GET | /chat_main |"
time="2024-03-18 17:43:00" level=info msg="| 200 |    2.297384ms |             ::1 | GET | /kefuinfo |"
time="2024-03-18 17:43:00" level=info msg="| 200 |    3.738637ms |             ::1 | GET | /replys |"
time="2024-03-18 17:43:00" level=info msg="| 200 |    3.374529ms |             ::1 | GET | /ipblacks |"
time="2024-03-18 17:43:00" level=info msg="| 200 |    4.585627ms |             ::1 | GET | /visitors_kefu_online |"
time="2024-03-18 17:43:02" level=info msg="| 200 |    1.719887ms |             ::1 | GET | /pannel |"
time="2024-03-18 17:43:02" level=info msg="| 200 |  1.771534982s |             ::1 | GET | /ws_kefu?token=eyJhbGciOiJIUzI1NiIsInR5cCI6IkpXVCJ9.eyJjcmVhdGVfdGltZSI6MTcxMDY4MzM4Nywia2VmdV9pZCI6MSwibmFtZSI6ImtlZnUyIiwicm9sZV9pZCI6MSwidHlwZSI6ImtlZnUifQ.-lmfaCtClwwHBc4eN7KTk6zZ2YDAez9TYUh_l6rXQoQ |"
time="2024-03-18 17:43:02" level=info msg="| 200 |     821.362µs |             ::1 | GET | /kefu/chartStatistics |"
time="2024-03-18 17:43:06" level=info msg="| 200 |    3.476626ms |             ::1 | GET | /chat_main |"
time="2024-03-18 17:43:07" level=info msg="| 200 |    2.640428ms |             ::1 | GET | /kefuinfo |"
time="2024-03-18 17:43:07" level=info msg="| 200 |    3.311391ms |             ::1 | GET | /ipblacks |"
time="2024-03-18 17:43:07" level=info msg="| 200 |    7.445752ms |             ::1 | GET | /visitors_kefu_online |"
time="2024-03-18 17:43:07" level=info msg="| 200 |    9.714284ms |             ::1 | GET | /replys |"
time="2024-03-18 17:43:08" level=info msg="| 200 |    1.416839ms |             ::1 | GET | /setting |"
time="2024-03-18 17:43:08" level=info msg="| 200 |  909.642737ms |             ::1 | GET | /ws_kefu?token=eyJhbGciOiJIUzI1NiIsInR5cCI6IkpXVCJ9.eyJjcmVhdGVfdGltZSI6MTcxMDY4MzM4Nywia2VmdV9pZCI6MSwibmFtZSI6ImtlZnUyIiwicm9sZV9pZCI6MSwidHlwZSI6ImtlZnUifQ.-lmfaCtClwwHBc4eN7KTk6zZ2YDAez9TYUh_l6rXQoQ |"
time="2024-03-18 17:43:08" level=info msg="| 200 |    2.074732ms |             ::1 | GET | /setting_statistics |"
time="2024-03-18 17:43:08" level=info msg="| 200 |      799.04µs |             ::1 | GET | /statistics |"
time="2024-03-18 17:43:10" level=info msg="| 200 |     1.66822ms |             ::1 | GET | /setting_modifypass |"
time="2024-03-18 17:43:13" level=info msg="| 200 |    1.491422ms |             ::1 | GET | /setting_avator |"
time="2024-03-18 17:43:13" level=info msg="| 200 |   18.180977ms |             ::1 | GET | /kefuinfo |"
time="2024-03-18 17:43:15" level=info msg="| 200 |    2.026414ms |             ::1 | GET | /setting_config |"
time="2024-03-18 17:43:15" level=info msg="| 200 |    2.229782ms |             ::1 | GET | /configs |"
time="2024-03-18 17:43:16" level=info msg="| 200 |    2.063873ms |             ::1 | GET | /setting_ipblack |"
time="2024-03-18 17:43:17" level=info msg="| 200 |    1.303002ms |             ::1 | GET | /ipblacks_all |"
time="2024-03-18 17:43:17" level=info msg="| 200 |    2.319902ms |             ::1 | GET | /setting_deploy |"
time="2024-03-18 17:43:20" level=info msg="| 200 |    1.539799ms |             ::1 | GET | /pannel |"
time="2024-03-18 17:43:20" level=info msg="| 200 |    2.532123ms |             ::1 | GET | /kefu/chartStatistics |"
time="2024-03-18 17:43:22" level=info msg="| 200 |      4.4842ms |             ::1 | GET | /chat_main |"
time="2024-03-18 17:43:23" level=info msg="| 200 |     596.247µs |             ::1 | GET | /ipblacks |"
time="2024-03-18 17:43:23" level=info msg="| 200 |     1.43939ms |             ::1 | GET | /visitors_kefu_online |"
time="2024-03-18 17:43:23" level=info msg="| 200 |    1.939195ms |             ::1 | GET | /kefuinfo |"
time="2024-03-18 17:43:23" level=info msg="| 200 |    2.246008ms |             ::1 | GET | /replys |"
time="2024-03-18 17:44:12" level=info msg="| 200 |    1.565254ms |             ::1 | GET | /pannel |"
time="2024-03-18 17:44:12" level=info msg="| 200 | 49.878081367s |             ::1 | GET | /ws_kefu?token=eyJhbGciOiJIUzI1NiIsInR5cCI6IkpXVCJ9.eyJjcmVhdGVfdGltZSI6MTcxMDY4MzM4Nywia2VmdV9pZCI6MSwibmFtZSI6ImtlZnUyIiwicm9sZV9pZCI6MSwidHlwZSI6ImtlZnUifQ.-lmfaCtClwwHBc4eN7KTk6zZ2YDAez9TYUh_l6rXQoQ |"
time="2024-03-18 17:44:13" level=info msg="| 200 |    2.459584ms |             ::1 | GET | /kefu/chartStatistics |"
time="2024-03-18 17:45:16" level=info msg="| 200 |    4.906561ms |             ::1 | GET | /chat_main |"
time="2024-03-18 17:45:16" level=info msg="| 200 |    3.203621ms |             ::1 | GET | /ipblacks |"
time="2024-03-18 17:45:16" level=info msg="| 200 |    8.276731ms |             ::1 | GET | /kefuinfo |"
time="2024-03-18 17:45:16" level=info msg="| 200 |    9.156303ms |             ::1 | GET | /replys |"
time="2024-03-18 17:45:16" level=info msg="| 200 |   10.514656ms |             ::1 | GET | /visitors_kefu_online |"
time="2024-03-18 17:47:16" level=info msg="| 200 |     2.03475ms |             ::1 | GET | /visitors_kefu_online |"
time="2024-03-18 17:49:16" level=info msg="| 200 |    3.004711ms |             ::1 | GET | /visitors_kefu_online |"
time="2024-03-18 17:51:16" level=info msg="| 200 |    3.702776ms |             ::1 | GET | /visitors_kefu_online |"
time="2024-03-18 17:52:53" level=info msg="send_kefu_message <nil> {\"type\":\"userOffline\",\"data\":{\"name\":\"本机地址本机地址网友\",\"uid\":\"e9d001ae-821c-4d80-b1ba-43663f8b1cda\"}}"
time="2024-03-18 17:52:53" level=info msg="| 200 | 10m2.49058737s |       127.0.0.1 | GET | /ws_visitor?visitor_id=e9d001ae-821c-4d80-b1ba-43663f8b1cda |"
time="2024-03-18 17:53:16" level=info msg="| 200 |      63.854µs |             ::1 | GET | /visitors_kefu_online |"
time="2024-03-18 17:55:16" level=info msg="| 200 |     123.217µs |             ::1 | GET | /visitors_kefu_online |"
time="2024-03-18 17:57:16" level=info msg="| 200 |     127.202µs |             ::1 | GET | /visitors_kefu_online |"
time="2024-03-18 17:58:16" level=info msg="| 200 |    8.837848ms |             ::1 | GET | /visitors?page=1 |"
time="2024-03-18 17:58:17" level=info msg="| 200 |      72.496µs |             ::1 | GET | /visitors_kefu_online |"
time="2024-03-18 17:58:19" level=info msg="| 200 |    8.214666ms |       127.0.0.1 | GET | /chatIndex?kefu_id=kefu2 |"
time="2024-03-18 17:58:20" level=info msg="| 200 |   18.683681ms |       127.0.0.1 | POST | /visitor_login |"
time="2024-03-18 17:58:20" level=info msg="send_kefu_message <nil> {\"type\":\"notice\",\"data\":{\"avator\":\"/static/images/2.png\",\"content\":\"本机地址本机地址网友来了\",\"username\":\"本机地址本机地址网友\"}}"
time="2024-03-18 17:58:20" level=info msg="send_kefu_message <nil> {\"type\":\"userOnline\",\"data\":{\"avator\":\"/static/images/2.png\",\"last_message\":\"1\",\"uid\":\"e9d001ae-821c-4d80-b1ba-43663f8b1cda\",\"username\":\"本机地址本机地址网友\"}}"
time="2024-03-18 17:58:20" level=info msg="send_kefu_message <nil> {\"type\":\"userOnline\",\"data\":{\"avator\":\"/static/images/2.png\",\"last_message\":\"1\",\"uid\":\"e9d001ae-821c-4d80-b1ba-43663f8b1cda\",\"username\":\"本机地址本机地址网友\"}}"
time="2024-03-18 17:58:20" level=info msg="| 200 |   18.448007ms |       127.0.0.1 | GET | /2/messagesPages?page=1&pagesize=5&visitor_id=e9d001ae-821c-4d80-b1ba-43663f8b1cda |"
time="2024-03-18 17:58:20" level=info msg="| 404 |          98ns |             ::1 | GET | /favicon.ico |"
time="2024-03-18 17:58:20" level=info msg="| 200 |     833.469µs |       127.0.0.1 | GET | /notice?kefu_id=kefu2 |"
time="2024-03-18 17:58:26" level=info msg="| 200 |    1.276623ms |             ::1 | GET | /visitor?visitorId=e9d001ae-821c-4d80-b1ba-43663f8b1cda |"
time="2024-03-18 17:58:26" level=info msg="| 200 |     4.53752ms |             ::1 | GET | /2/messagesPages?page=1&pagesize=15&visitor_id=e9d001ae-821c-4d80-b1ba-43663f8b1cda |"
time="2024-03-18 17:58:46" level=info msg="send_kefu_message <nil> {\"type\":\"message\",\"data\":{\"name\":\"智能客服系统\",\"avator\":\"/static/images/4.jpg\",\"id\":\"e9d001ae-821c-4d80-b1ba-43663f8b1cda\",\"visitor_id\":\"\",\"group\":\"\",\"time\":\"2024-03-18 17:58:46\",\"to_id\":\"e9d001ae-821c-4d80-b1ba-43663f8b1cda\",\"content\":\"在这里[官网]link[https://gofly.sopans.com]!\",\"city\":\"\",\"client_ip\":\"\",\"refer\":\"\",\"is_kefu\":\"yes\"}}"
time="2024-03-18 17:58:46" level=info msg="| 200 |    5.659286ms |             ::1 | POST | /2/message |"
time="2024-03-18 17:59:13" level=info msg="| 200 |    2.337664ms |             ::1 | POST | /reply_content_save |"
time="2024-03-18 17:59:13" level=info msg="| 200 |    2.312568ms |             ::1 | GET | /replys |"
time="2024-03-18 17:59:16" level=info msg="| 200 |    1.238263ms |             ::1 | GET | /visitors_kefu_online |"
time="2024-03-18 17:59:27" level=info msg="| 200 |    4.262544ms |             ::1 | POST | /ipblack |"
time="2024-03-18 17:59:33" level=info msg="| 200 |    3.264412ms |             ::1 | POST | /ipblack |"
time="2024-03-18 17:59:34" level=info msg="| 200 |    2.141854ms |             ::1 | POST | /ipblack |"
time="2024-03-18 17:59:40" level=info msg="| 200 |     562.801µs |       127.0.0.1 | POST | /2/message |"
time="2024-03-18 17:59:49" level=info msg="| 200 |     2.23223ms |             ::1 | GET | /main |"
time="2024-03-18 17:59:49" level=info msg="| 200 | 14m32.804192144s |             ::1 | GET | /ws_kefu?token=eyJhbGciOiJIUzI1NiIsInR5cCI6IkpXVCJ9.eyJjcmVhdGVfdGltZSI6MTcxMDY4MzM4Nywia2VmdV9pZCI6MSwibmFtZSI6ImtlZnUyIiwicm9sZV9pZCI6MSwidHlwZSI6ImtlZnUifQ.-lmfaCtClwwHBc4eN7KTk6zZ2YDAez9TYUh_l6rXQoQ |"
time="2024-03-18 17:59:49" level=info msg="| 200 |    1.900921ms |             ::1 | POST | /check_auth |"
time="2024-03-18 17:59:50" level=info msg="| 200 |    5.281762ms |             ::1 | GET | /chat_main |"
time="2024-03-18 17:59:50" level=info msg="| 200 |    4.443517ms |             ::1 | GET | /visitors_kefu_online |"
time="2024-03-18 17:59:50" level=info msg="| 200 |   13.504788ms |             ::1 | GET | /ipblacks |"
time="2024-03-18 17:59:50" level=info msg="| 200 |   15.114925ms |             ::1 | GET | /kefuinfo |"
time="2024-03-18 17:59:50" level=info msg="| 200 |   16.472184ms |             ::1 | GET | /replys |"
time="2024-03-18 17:59:59" level=info msg="| 200 |    3.045847ms |             ::1 | DELETE | /ipblack?ip=127.0.0.1 |"
time="2024-03-18 17:59:59" level=info msg="| 200 |     507.807µs |             ::1 | GET | /ipblacks |"
time="2024-03-18 18:00:02" level=info msg="| 200 |     4.93147ms |             ::1 | GET | /visitor?visitorId=e9d001ae-821c-4d80-b1ba-43663f8b1cda |"
time="2024-03-18 18:00:02" level=info msg="| 200 |    13.11743ms |             ::1 | GET | /2/messagesPages?page=1&pagesize=15&visitor_id=e9d001ae-821c-4d80-b1ba-43663f8b1cda |"
time="2024-03-18 18:00:04" level=info msg="send_kefu_message <nil> {\"type\":\"message\",\"data\":{\"name\":\"智能客服系统\",\"avator\":\"/static/images/4.jpg\",\"id\":\"e9d001ae-821c-4d80-b1ba-43663f8b1cda\",\"visitor_id\":\"\",\"group\":\"\",\"time\":\"2024-03-18 18:00:04\",\"to_id\":\"e9d001ae-821c-4d80-b1ba-43663f8b1cda\",\"content\":\"1\",\"city\":\"\",\"client_ip\":\"\",\"refer\":\"\",\"is_kefu\":\"yes\"}}"
time="2024-03-18 18:00:04" level=info msg="| 200 |    3.315595ms |             ::1 | POST | /2/message |"
time="2024-03-18 18:00:04" level=info msg="| 404 |         154ns |       127.0.0.1 | GET | /favicon.ico |"
time="2024-03-18 18:00:04" level=info msg="| 404 |         136ns |             ::1 | GET | /favicon.ico |"
time="2024-03-18 18:00:08" level=info msg="send_kefu_message <nil> {\"type\":\"message\",\"data\":{\"name\":\"本机地址本机地址网友\",\"avator\":\"/static/images/2.png\",\"id\":\"e9d001ae-821c-4d80-b1ba-43663f8b1cda\",\"visitor_id\":\"\",\"group\":\"\",\"time\":\"2024-03-18 18:00:08\",\"to_id\":\"kefu2\",\"content\":\"11\",\"city\":\"\",\"client_ip\":\"\",\"refer\":\"\",\"is_kefu\":\"no\"}}"
time="2024-03-18 18:00:08" level=info msg="| 200 |    4.032743ms |       127.0.0.1 | POST | /2/message |"
time="2024-03-18 18:00:21" level=info msg="| 200 |    1.893198ms |             ::1 | POST | /ipblack |"
time="2024-03-18 18:00:24" level=info msg="send_kefu_message <nil> {\"type\":\"message\",\"data\":{\"name\":\"智能客服系统\",\"avator\":\"/static/images/4.jpg\",\"id\":\"e9d001ae-821c-4d80-b1ba-43663f8b1cda\",\"visitor_id\":\"\",\"group\":\"\",\"time\":\"2024-03-18 18:00:24\",\"to_id\":\"e9d001ae-821c-4d80-b1ba-43663f8b1cda\",\"content\":\"1\",\"city\":\"\",\"client_ip\":\"\",\"refer\":\"\",\"is_kefu\":\"yes\"}}"
time="2024-03-18 18:00:24" level=info msg="| 200 |    3.375413ms |             ::1 | POST | /2/message |"
time="2024-03-18 18:00:29" level=info msg="| 200 |      529.27µs |       127.0.0.1 | POST | /2/message |"
time="2024-03-18 18:00:33" level=info msg="send_kefu_message <nil> {\"type\":\"message\",\"data\":{\"name\":\"智能客服系统\",\"avator\":\"/static/images/4.jpg\",\"id\":\"e9d001ae-821c-4d80-b1ba-43663f8b1cda\",\"visitor_id\":\"\",\"group\":\"\",\"time\":\"2024-03-18 18:00:33\",\"to_id\":\"e9d001ae-821c-4d80-b1ba-43663f8b1cda\",\"content\":\"事实上\",\"city\":\"\",\"client_ip\":\"\",\"refer\":\"\",\"is_kefu\":\"yes\"}}"
time="2024-03-18 18:00:33" level=info msg="| 200 |    4.048035ms |             ::1 | POST | /2/message |"
time="2024-03-18 18:00:47" level=info msg="| 200 |    1.613864ms |             ::1 | GET | /main |"
time="2024-03-18 18:00:48" level=info msg="| 200 |  57.38295403s |             ::1 | GET | /ws_kefu?token=eyJhbGciOiJIUzI1NiIsInR5cCI6IkpXVCJ9.eyJjcmVhdGVfdGltZSI6MTcxMDY4MzM4Nywia2VmdV9pZCI6MSwibmFtZSI6ImtlZnUyIiwicm9sZV9pZCI6MSwidHlwZSI6ImtlZnUifQ.-lmfaCtClwwHBc4eN7KTk6zZ2YDAez9TYUh_l6rXQoQ |"
time="2024-03-18 18:00:48" level=info msg="| 200 |     802.335µs |             ::1 | POST | /check_auth |"
time="2024-03-18 18:00:48" level=info msg="| 200 |    5.439719ms |             ::1 | GET | /chat_main |"
time="2024-03-18 18:00:49" level=info msg="| 200 |     688.465µs |             ::1 | GET | /ipblacks |"
time="2024-03-18 18:00:49" level=info msg="| 200 |    3.199972ms |             ::1 | GET | /kefuinfo |"
time="2024-03-18 18:00:49" level=info msg="| 200 |    2.893598ms |             ::1 | GET | /replys |"
time="2024-03-18 18:00:49" level=info msg="| 200 |    6.648119ms |             ::1 | GET | /visitors_kefu_online |"
time="2024-03-18 18:01:07" level=info msg="| 200 |    3.061003ms |             ::1 | GET | /2/messagesPages?page=1&pagesize=15&visitor_id=e9d001ae-821c-4d80-b1ba-43663f8b1cda |"
time="2024-03-18 18:01:07" level=info msg="| 200 |    4.517561ms |             ::1 | GET | /visitor?visitorId=e9d001ae-821c-4d80-b1ba-43663f8b1cda |"
time="2024-03-18 18:01:10" level=info msg="| 200 |     2.49205ms |             ::1 | DELETE | /ipblack?ip=127.0.0.1 |"
time="2024-03-18 18:01:10" level=info msg="| 200 |     510.528µs |             ::1 | GET | /ipblacks |"
time="2024-03-18 18:02:49" level=info msg="| 200 |     1.63213ms |             ::1 | GET | /visitors_kefu_online |"
time="2024-03-18 18:04:49" level=info msg="| 200 |    2.639485ms |             ::1 | GET | /visitors_kefu_online |"
time="2024-03-18 18:06:49" level=info msg="| 200 |    4.209959ms |             ::1 | GET | /visitors_kefu_online |"
time="2024-03-18 18:07:19" level=info msg="| 200 |    4.214968ms |             ::1 | POST | /ipblack |"
time="2024-03-18 18:07:20" level=info msg="| 200 |    2.334692ms |             ::1 | POST | /ipblack |"
time="2024-03-18 18:07:24" level=info msg="| 200 |    1.306196ms |             ::1 | POST | /ipblack |"
time="2024-03-18 18:07:25" level=info msg="| 200 |    1.369331ms |             ::1 | POST | /ipblack |"
time="2024-03-18 18:07:26" level=info msg="| 200 |    2.017737ms |             ::1 | POST | /ipblack |"
time="2024-03-18 18:08:49" level=info msg="| 200 |    8.384664ms |             ::1 | GET | /visitors_kefu_online |"
time="2024-03-18 18:09:42" level=info msg="start server...\r\ngo：http://0.0.0.0:8081"
time="2024-03-18 18:09:43" level=info msg="| 200 |    1.212626ms |       127.0.0.1 | GET | /ws_visitor?visitor_id=e9d001ae-821c-4d80-b1ba-43663f8b1cda |"
time="2024-03-18 18:09:46" level=info msg="| 200 |     690.891µs |       127.0.0.1 | GET | /ws_visitor?visitor_id=e9d001ae-821c-4d80-b1ba-43663f8b1cda |"
time="2024-03-18 18:09:47" level=info msg="| 200 |    1.955727ms |             ::1 | POST | /ipblack |"
time="2024-03-18 18:09:50" level=info msg="| 200 |     479.034µs |       127.0.0.1 | GET | /ws_visitor?visitor_id=e9d001ae-821c-4d80-b1ba-43663f8b1cda |"
time="2024-03-18 18:09:56" level=info msg="| 200 |     592.987µs |       127.0.0.1 | GET | /ws_visitor?visitor_id=e9d001ae-821c-4d80-b1ba-43663f8b1cda |"
time="2024-03-18 18:10:04" level=info msg="| 200 |     718.301µs |       127.0.0.1 | GET | /ws_visitor?visitor_id=e9d001ae-821c-4d80-b1ba-43663f8b1cda |"
time="2024-03-18 18:10:16" level=info msg="| 200 |     582.362µs |       127.0.0.1 | GET | /ws_visitor?visitor_id=e9d001ae-821c-4d80-b1ba-43663f8b1cda |"
time="2024-03-18 18:10:34" level=info msg="| 200 |       463.1µs |       127.0.0.1 | GET | /ws_visitor?visitor_id=e9d001ae-821c-4d80-b1ba-43663f8b1cda |"
time="2024-03-18 18:10:49" level=info msg="| 200 |       178.7µs |             ::1 | GET | /visitors_kefu_online |"
time="2024-03-18 18:11:00" level=info msg="| 200 |    1.050077ms |       127.0.0.1 | GET | /ws_visitor?visitor_id=e9d001ae-821c-4d80-b1ba-43663f8b1cda |"
time="2024-03-18 18:11:31" level=info msg="| 200 |      511.45µs |       127.0.0.1 | GET | /ws_visitor?visitor_id=e9d001ae-821c-4d80-b1ba-43663f8b1cda |"
time="2024-03-18 18:12:02" level=info msg="| 200 |    2.658407ms |       127.0.0.1 | GET | /ws_visitor?visitor_id=e9d001ae-821c-4d80-b1ba-43663f8b1cda |"
time="2024-03-18 18:12:22" level=info msg="| 200 |    4.797756ms |             ::1 | GET | /main |"
time="2024-03-18 18:12:22" level=info msg="| 200 | 2m38.677084556s |             ::1 | GET | /ws_kefu?token=eyJhbGciOiJIUzI1NiIsInR5cCI6IkpXVCJ9.eyJjcmVhdGVfdGltZSI6MTcxMDY4MzM4Nywia2VmdV9pZCI6MSwibmFtZSI6ImtlZnUyIiwicm9sZV9pZCI6MSwidHlwZSI6ImtlZnUifQ.-lmfaCtClwwHBc4eN7KTk6zZ2YDAez9TYUh_l6rXQoQ |"
time="2024-03-18 18:12:22" level=info msg="| 200 |    1.456182ms |             ::1 | POST | /check_auth |"
time="2024-03-18 18:12:22" level=info msg="| 200 |    3.182901ms |             ::1 | GET | /chat_main |"
time="2024-03-18 18:12:23" level=info msg="| 200 |     666.654µs |             ::1 | GET | /visitors_kefu_online |"
time="2024-03-18 18:12:23" level=info msg="| 200 |    4.055876ms |             ::1 | GET | /replys |"
time="2024-03-18 18:12:23" level=info msg="| 200 |    7.715491ms |             ::1 | GET | /ipblacks |"
time="2024-03-18 18:12:23" level=info msg="| 200 |   10.772293ms |             ::1 | GET | /kefuinfo |"
time="2024-03-18 18:12:27" level=info msg="| 200 |     716.636µs |       127.0.0.1 | GET | /ws_visitor?visitor_id=e9d001ae-821c-4d80-b1ba-43663f8b1cda |"
time="2024-03-18 18:12:27" level=info msg="| 200 |    2.082445ms |       127.0.0.1 | GET | /chatIndex?kefu_id=kefu2 |"
time="2024-03-18 18:12:28" level=info msg="| 200 |     667.789µs |       127.0.0.1 | POST | /visitor_login |"
time="2024-03-18 18:12:31" level=info msg="| 200 |    1.596574ms |       127.0.0.1 | GET | /chatIndex?kefu_id=kefu2 |"
time="2024-03-18 18:12:32" level=info msg="| 200 |      541.02µs |       127.0.0.1 | POST | /visitor_login |"
time="2024-03-18 18:12:38" level=info msg="| 200 |    3.248118ms |             ::1 | GET | /visitors?page=1 |"
time="2024-03-18 18:12:39" level=info msg="| 200 |        95.4µs |             ::1 | GET | /visitors_kefu_online |"
time="2024-03-18 18:12:45" level=info msg="| 200 |      2.3287ms |             ::1 | DELETE | /ipblack?ip=127.0.0.1 |"
time="2024-03-18 18:12:45" level=info msg="| 200 |     457.938µs |             ::1 | GET | /ipblacks |"
time="2024-03-18 18:12:47" level=info msg="| 200 |    1.401538ms |       127.0.0.1 | GET | /chatIndex?kefu_id=kefu2 |"
time="2024-03-18 18:12:47" level=info msg="| 200 |    8.760834ms |       127.0.0.1 | POST | /visitor_login |"
time="2024-03-18 18:12:47" level=info msg="send_kefu_message <nil> {\"type\":\"notice\",\"data\":{\"avator\":\"/static/images/2.png\",\"content\":\"本机地址本机地址网友来了\",\"username\":\"本机地址本机地址网友\"}}"
time="2024-03-18 18:12:47" level=info msg="send_kefu_message <nil> {\"type\":\"userOnline\",\"data\":{\"avator\":\"/static/images/2.png\",\"last_message\":\"事实上\",\"uid\":\"e9d001ae-821c-4d80-b1ba-43663f8b1cda\",\"username\":\"本机地址本机地址网友\"}}"
time="2024-03-18 18:12:47" level=info msg="| 404 |         160ns |             ::1 | GET | /favicon.ico |"
time="2024-03-18 18:12:47" level=info msg="send_kefu_message <nil> {\"type\":\"userOnline\",\"data\":{\"avator\":\"/static/images/2.png\",\"last_message\":\"事实上\",\"uid\":\"e9d001ae-821c-4d80-b1ba-43663f8b1cda\",\"username\":\"本机地址本机地址网友\"}}"
time="2024-03-18 18:12:47" level=info msg="| 200 |    8.402925ms |       127.0.0.1 | GET | /2/messagesPages?page=1&pagesize=5&visitor_id=e9d001ae-821c-4d80-b1ba-43663f8b1cda |"
time="2024-03-18 18:12:47" level=info msg="| 200 |     682.489µs |       127.0.0.1 | GET | /notice?kefu_id=kefu2 |"
time="2024-03-18 18:12:54" level=info msg="| 200 |    1.830975ms |             ::1 | GET | /visitor?visitorId=e9d001ae-821c-4d80-b1ba-43663f8b1cda |"
time="2024-03-18 18:12:54" level=info msg="| 200 |    2.835438ms |             ::1 | GET | /2/messagesPages?page=1&pagesize=15&visitor_id=e9d001ae-821c-4d80-b1ba-43663f8b1cda |"
time="2024-03-18 18:14:23" level=info msg="| 200 |    6.001757ms |             ::1 | GET | /visitors_kefu_online |"
time="2024-03-18 18:16:23" level=info msg="| 200 |    3.984475ms |             ::1 | GET | /visitors_kefu_online |"
time="2024-03-18 18:18:23" level=info msg="| 200 |    14.08359ms |             ::1 | GET | /visitors_kefu_online |"
time="2024-03-18 18:20:23" level=info msg="| 200 |    1.573198ms |             ::1 | GET | /visitors_kefu_online |"
time="2024-03-18 18:22:23" level=info msg="| 200 |    5.370901ms |             ::1 | GET | /visitors_kefu_online |"
time="2024-03-18 18:22:52" level=info msg="send_kefu_message <nil> {\"type\":\"userOffline\",\"data\":{\"name\":\"本机地址本机地址网友\",\"uid\":\"e9d001ae-821c-4d80-b1ba-43663f8b1cda\"}}"
time="2024-03-18 18:22:52" level=info msg="| 200 | 10m4.882426858s |       127.0.0.1 | GET | /ws_visitor?visitor_id=e9d001ae-821c-4d80-b1ba-43663f8b1cda |"
time="2024-03-18 18:24:23" level=info msg="| 200 |      87.274µs |             ::1 | GET | /visitors_kefu_online |"
time="2024-03-18 18:26:23" level=info msg="| 200 |     104.564µs |             ::1 | GET | /visitors_kefu_online |"
time="2024-03-18 18:28:22" level=info msg="| 200 |    4.496929ms |             ::1 | GET | /visitors?page=1 |"
time="2024-03-18 18:28:23" level=info msg="| 200 |     150.925µs |             ::1 | GET | /visitors_kefu_online |"
time="2024-03-18 18:28:23" level=info msg="| 200 |      72.321µs |             ::1 | GET | /visitors_kefu_online |"
time="2024-03-18 18:30:23" level=info msg="| 200 |      64.982µs |             ::1 | GET | /visitors_kefu_online |"
time="2024-03-18 18:32:23" level=info msg="| 200 |     123.374µs |             ::1 | GET | /visitors_kefu_online |"
time="2024-03-18 18:34:23" level=info msg="| 200 |      87.288µs |             ::1 | GET | /visitors_kefu_online |"
time="2024-03-18 18:36:23" level=info msg="| 200 |       99.98µs |             ::1 | GET | /visitors_kefu_online |"
time="2024-03-18 18:38:23" level=info msg="| 200 |     479.505µs |             ::1 | GET | /visitors_kefu_online |"
time="2024-03-18 18:40:23" level=info msg="| 200 |      78.844µs |             ::1 | GET | /visitors_kefu_online |"
time="2024-03-18 18:42:23" level=info msg="| 200 |      71.665µs |             ::1 | GET | /visitors_kefu_online |"
time="2024-03-18 18:44:23" level=info msg="| 200 |      62.742µs |             ::1 | GET | /visitors_kefu_online |"
time="2024-03-18 18:46:23" level=info msg="| 200 |    1.031122ms |             ::1 | GET | /visitors_kefu_online |"
time="2024-03-18 18:48:23" level=info msg="| 200 |      570.56µs |             ::1 | GET | /visitors_kefu_online |"
time="2024-03-18 18:50:34" level=info msg="| 200 |      58.837µs |             ::1 | GET | /visitors_kefu_online |"
time="2024-03-18 18:52:36" level=info msg="| 200 |      85.301µs |             ::1 | GET | /visitors_kefu_online |"
time="2024-03-18 18:54:18" level=info msg="| 200 | 41m54.816867143s |             ::1 | GET | /ws_kefu?token=eyJhbGciOiJIUzI1NiIsInR5cCI6IkpXVCJ9.eyJjcmVhdGVfdGltZSI6MTcxMDY4MzM4Nywia2VmdV9pZCI6MSwibmFtZSI6ImtlZnUyIiwicm9sZV9pZCI6MSwidHlwZSI6ImtlZnUifQ.-lmfaCtClwwHBc4eN7KTk6zZ2YDAez9TYUh_l6rXQoQ |"
time="2024-03-18 18:54:20" level=info msg="| 200 |    3.561049ms |             ::1 | GET | /ws_kefu?token=eyJhbGciOiJIUzI1NiIsInR5cCI6IkpXVCJ9.eyJjcmVhdGVfdGltZSI6MTcxMDY4MzM4Nywia2VmdV9pZCI6MSwibmFtZSI6ImtlZnUyIiwicm9sZV9pZCI6MSwidHlwZSI6ImtlZnUifQ.-lmfaCtClwwHBc4eN7KTk6zZ2YDAez9TYUh_l6rXQoQ |"
time="2024-03-18 18:54:22" level=info msg="| 200 |    3.611676ms |             ::1 | GET | /ws_kefu?token=eyJhbGciOiJIUzI1NiIsInR5cCI6IkpXVCJ9.eyJjcmVhdGVfdGltZSI6MTcxMDY4MzM4Nywia2VmdV9pZCI6MSwibmFtZSI6ImtlZnUyIiwicm9sZV9pZCI6MSwidHlwZSI6ImtlZnUifQ.-lmfaCtClwwHBc4eN7KTk6zZ2YDAez9TYUh_l6rXQoQ |"
time="2024-03-18 18:54:25" level=info msg="| 200 |    3.046179ms |             ::1 | GET | /ws_kefu?token=eyJhbGciOiJIUzI1NiIsInR5cCI6IkpXVCJ9.eyJjcmVhdGVfdGltZSI6MTcxMDY4MzM4Nywia2VmdV9pZCI6MSwibmFtZSI6ImtlZnUyIiwicm9sZV9pZCI6MSwidHlwZSI6ImtlZnUifQ.-lmfaCtClwwHBc4eN7KTk6zZ2YDAez9TYUh_l6rXQoQ |"
time="2024-03-18 18:54:29" level=info msg="| 200 |      2.5747ms |             ::1 | GET | /ws_kefu?token=eyJhbGciOiJIUzI1NiIsInR5cCI6IkpXVCJ9.eyJjcmVhdGVfdGltZSI6MTcxMDY4MzM4Nywia2VmdV9pZCI6MSwibmFtZSI6ImtlZnUyIiwicm9sZV9pZCI6MSwidHlwZSI6ImtlZnUifQ.-lmfaCtClwwHBc4eN7KTk6zZ2YDAez9TYUh_l6rXQoQ |"
time="2024-03-18 18:54:35" level=info msg="| 200 |    4.633648ms |             ::1 | GET | /ws_kefu?token=eyJhbGciOiJIUzI1NiIsInR5cCI6IkpXVCJ9.eyJjcmVhdGVfdGltZSI6MTcxMDY4MzM4Nywia2VmdV9pZCI6MSwibmFtZSI6ImtlZnUyIiwicm9sZV9pZCI6MSwidHlwZSI6ImtlZnUifQ.-lmfaCtClwwHBc4eN7KTk6zZ2YDAez9TYUh_l6rXQoQ |"
time="2024-03-18 18:54:38" level=info msg="| 200 |      151.68µs |             ::1 | GET | /visitors_kefu_online |"
time="2024-03-18 18:59:23" level=info msg="| 200 |   56.583483ms |             ::1 | GET | /ws_kefu?token=eyJhbGciOiJIUzI1NiIsInR5cCI6IkpXVCJ9.eyJjcmVhdGVfdGltZSI6MTcxMDY4MzM4Nywia2VmdV9pZCI6MSwibmFtZSI6ImtlZnUyIiwicm9sZV9pZCI6MSwidHlwZSI6ImtlZnUifQ.-lmfaCtClwwHBc4eN7KTk6zZ2YDAez9TYUh_l6rXQoQ |"
time="2024-03-18 18:59:35" level=info msg="| 200 |   10.768323ms |             ::1 | GET | /ws_kefu?token=eyJhbGciOiJIUzI1NiIsInR5cCI6IkpXVCJ9.eyJjcmVhdGVfdGltZSI6MTcxMDY4MzM4Nywia2VmdV9pZCI6MSwibmFtZSI6ImtlZnUyIiwicm9sZV9pZCI6MSwidHlwZSI6ImtlZnUifQ.-lmfaCtClwwHBc4eN7KTk6zZ2YDAez9TYUh_l6rXQoQ |"
time="2024-03-18 18:59:53" level=info msg="| 200 |    6.392074ms |             ::1 | GET | /ws_kefu?token=eyJhbGciOiJIUzI1NiIsInR5cCI6IkpXVCJ9.eyJjcmVhdGVfdGltZSI6MTcxMDY4MzM4Nywia2VmdV9pZCI6MSwibmFtZSI6ImtlZnUyIiwicm9sZV9pZCI6MSwidHlwZSI6ImtlZnUifQ.-lmfaCtClwwHBc4eN7KTk6zZ2YDAez9TYUh_l6rXQoQ |"
time="2024-03-18 19:05:01" level=info msg="| 200 |    1.849313ms |             ::1 | GET | /ws_kefu?token=eyJhbGciOiJIUzI1NiIsInR5cCI6IkpXVCJ9.eyJjcmVhdGVfdGltZSI6MTcxMDY4MzM4Nywia2VmdV9pZCI6MSwibmFtZSI6ImtlZnUyIiwicm9sZV9pZCI6MSwidHlwZSI6ImtlZnUifQ.-lmfaCtClwwHBc4eN7KTk6zZ2YDAez9TYUh_l6rXQoQ |"
time="2024-03-18 19:05:32" level=info msg="| 200 |    4.436838ms |             ::1 | GET | /ws_kefu?token=eyJhbGciOiJIUzI1NiIsInR5cCI6IkpXVCJ9.eyJjcmVhdGVfdGltZSI6MTcxMDY4MzM4Nywia2VmdV9pZCI6MSwibmFtZSI6ImtlZnUyIiwicm9sZV9pZCI6MSwidHlwZSI6ImtlZnUifQ.-lmfaCtClwwHBc4eN7KTk6zZ2YDAez9TYUh_l6rXQoQ |"
time="2024-03-18 19:10:44" level=info msg="| 200 |     223.976µs |             ::1 | GET | /visitors_kefu_online |"
time="2024-03-18 19:10:45" level=info msg="| 200 |   11.240584ms |             ::1 | GET | /ws_kefu?token=eyJhbGciOiJIUzI1NiIsInR5cCI6IkpXVCJ9.eyJjcmVhdGVfdGltZSI6MTcxMDY4MzM4Nywia2VmdV9pZCI6MSwibmFtZSI6ImtlZnUyIiwicm9sZV9pZCI6MSwidHlwZSI6ImtlZnUifQ.-lmfaCtClwwHBc4eN7KTk6zZ2YDAez9TYUh_l6rXQoQ |"
time="2024-03-18 19:11:16" level=info msg="| 200 |     4.91677ms |             ::1 | GET | /ws_kefu?token=eyJhbGciOiJIUzI1NiIsInR5cCI6IkpXVCJ9.eyJjcmVhdGVfdGltZSI6MTcxMDY4MzM4Nywia2VmdV9pZCI6MSwibmFtZSI6ImtlZnUyIiwicm9sZV9pZCI6MSwidHlwZSI6ImtlZnUifQ.-lmfaCtClwwHBc4eN7KTk6zZ2YDAez9TYUh_l6rXQoQ |"
time="2024-03-18 19:16:29" level=info msg="| 200 |    3.231397ms |             ::1 | GET | /ws_kefu?token=eyJhbGciOiJIUzI1NiIsInR5cCI6IkpXVCJ9.eyJjcmVhdGVfdGltZSI6MTcxMDY4MzM4Nywia2VmdV9pZCI6MSwibmFtZSI6ImtlZnUyIiwicm9sZV9pZCI6MSwidHlwZSI6ImtlZnUifQ.-lmfaCtClwwHBc4eN7KTk6zZ2YDAez9TYUh_l6rXQoQ |"
time="2024-03-18 19:21:44" level=info msg="| 200 |    5.188796ms |             ::1 | GET | /ws_kefu?token=eyJhbGciOiJIUzI1NiIsInR5cCI6IkpXVCJ9.eyJjcmVhdGVfdGltZSI6MTcxMDY4MzM4Nywia2VmdV9pZCI6MSwibmFtZSI6ImtlZnUyIiwicm9sZV9pZCI6MSwidHlwZSI6ImtlZnUifQ.-lmfaCtClwwHBc4eN7KTk6zZ2YDAez9TYUh_l6rXQoQ |"
time="2024-03-18 19:22:08" level=info msg="| 200 |     241.929µs |             ::1 | GET | /visitors_kefu_online |"
time="2024-03-18 19:22:15" level=info msg="| 200 |    4.282134ms |             ::1 | GET | /ws_kefu?token=eyJhbGciOiJIUzI1NiIsInR5cCI6IkpXVCJ9.eyJjcmVhdGVfdGltZSI6MTcxMDY4MzM4Nywia2VmdV9pZCI6MSwibmFtZSI6ImtlZnUyIiwicm9sZV9pZCI6MSwidHlwZSI6ImtlZnUifQ.-lmfaCtClwwHBc4eN7KTk6zZ2YDAez9TYUh_l6rXQoQ |"
time="2024-03-18 19:27:27" level=info msg="| 200 |     3.12365ms |             ::1 | GET | /ws_kefu?token=eyJhbGciOiJIUzI1NiIsInR5cCI6IkpXVCJ9.eyJjcmVhdGVfdGltZSI6MTcxMDY4MzM4Nywia2VmdV9pZCI6MSwibmFtZSI6ImtlZnUyIiwicm9sZV9pZCI6MSwidHlwZSI6ImtlZnUifQ.-lmfaCtClwwHBc4eN7KTk6zZ2YDAez9TYUh_l6rXQoQ |"
time="2024-03-18 19:27:58" level=info msg="| 200 |    4.513622ms |             ::1 | GET | /ws_kefu?token=eyJhbGciOiJIUzI1NiIsInR5cCI6IkpXVCJ9.eyJjcmVhdGVfdGltZSI6MTcxMDY4MzM4Nywia2VmdV9pZCI6MSwibmFtZSI6ImtlZnUyIiwicm9sZV9pZCI6MSwidHlwZSI6ImtlZnUifQ.-lmfaCtClwwHBc4eN7KTk6zZ2YDAez9TYUh_l6rXQoQ |"
time="2024-03-18 19:32:25" level=info msg="| 200 |      96.345µs |             ::1 | GET | /visitors_kefu_online |"
time="2024-03-18 19:34:25" level=info msg="| 200 |      89.439µs |             ::1 | GET | /visitors_kefu_online |"
time="2024-03-18 19:36:25" level=info msg="| 200 |      79.464µs |             ::1 | GET | /visitors_kefu_online |"
time="2024-03-18 19:38:25" level=info msg="| 200 |      74.581µs |             ::1 | GET | /visitors_kefu_online |"
time="2024-03-18 19:40:25" level=info msg="| 200 |     130.687µs |             ::1 | GET | /visitors_kefu_online |"
time="2024-03-18 19:42:25" level=info msg="| 200 |      76.294µs |             ::1 | GET | /visitors_kefu_online |"
time="2024-03-18 19:44:25" level=info msg="| 200 |      77.727µs |             ::1 | GET | /visitors_kefu_online |"
time="2024-03-18 19:46:25" level=info msg="| 200 |      85.802µs |             ::1 | GET | /visitors_kefu_online |"
time="2024-03-18 19:48:25" level=info msg="| 200 |     101.152µs |             ::1 | GET | /visitors_kefu_online |"
time="2024-03-18 19:50:25" level=info msg="| 200 |      95.561µs |             ::1 | GET | /visitors_kefu_online |"
time="2024-03-18 19:52:25" level=info msg="| 200 |      72.298µs |             ::1 | GET | /visitors_kefu_online |"
time="2024-03-18 19:54:25" level=info msg="| 200 |      89.377µs |             ::1 | GET | /visitors_kefu_online |"
time="2024-03-18 19:54:50" level=info msg="| 200 |   15.594371ms |             ::1 | POST | /ipblack |"
time="2024-03-18 19:54:52" level=info msg="| 200 |    4.692837ms |             ::1 | POST | /ipblack |"
time="2024-03-18 19:54:56" level=info msg="| 200 |    1.330226ms |             ::1 | POST | /ipblack |"
time="2024-03-18 19:54:57" level=info msg="| 200 |     2.06298ms |             ::1 | POST | /ipblack |"
time="2024-03-18 19:55:28" level=info msg="| 200 |    3.037401ms |             ::1 | POST | /ipblack |"
time="2024-03-18 19:56:25" level=info msg="| 200 |      81.846µs |             ::1 | GET | /visitors_kefu_online |"
time="2024-03-18 19:58:25" level=info msg="| 200 |     108.524µs |             ::1 | GET | /visitors_kefu_online |"
time="2024-03-18 20:00:25" level=info msg="| 200 |     151.561µs |             ::1 | GET | /visitors_kefu_online |"
time="2024-03-18 20:02:25" level=info msg="| 200 |     158.942µs |             ::1 | GET | /visitors_kefu_online |"
time="2024-03-18 20:04:25" level=info msg="| 200 |      75.298µs |             ::1 | GET | /visitors_kefu_online |"
time="2024-03-18 20:06:25" level=info msg="| 200 |      83.129µs |             ::1 | GET | /visitors_kefu_online |"
time="2024-03-18 20:08:25" level=info msg="| 200 |      97.971µs |             ::1 | GET | /visitors_kefu_online |"
time="2024-03-18 20:10:25" level=info msg="| 200 |      96.396µs |             ::1 | GET | /visitors_kefu_online |"
time="2024-03-18 20:12:25" level=info msg="| 200 |     106.997µs |             ::1 | GET | /visitors_kefu_online |"
time="2024-03-18 20:14:25" level=info msg="| 200 |      105.29µs |             ::1 | GET | /visitors_kefu_online |"
time="2024-03-18 20:16:25" level=info msg="| 200 |       88.06µs |             ::1 | GET | /visitors_kefu_online |"
time="2024-03-18 20:18:25" level=info msg="| 200 |      71.723µs |             ::1 | GET | /visitors_kefu_online |"
time="2024-03-18 20:20:25" level=info msg="| 200 |      93.256µs |             ::1 | GET | /visitors_kefu_online |"
time="2024-03-18 20:22:25" level=info msg="| 200 |     142.522µs |             ::1 | GET | /visitors_kefu_online |"
time="2024-03-18 20:24:25" level=info msg="| 200 |       87.66µs |             ::1 | GET | /visitors_kefu_online |"
time="2024-03-18 20:26:25" level=info msg="| 200 |      87.408µs |             ::1 | GET | /visitors_kefu_online |"
time="2024-03-18 20:28:25" level=info msg="| 200 |      77.437µs |             ::1 | GET | /visitors_kefu_online |"
time="2024-03-18 20:30:25" level=info msg="| 200 |      74.349µs |             ::1 | GET | /visitors_kefu_online |"
time="2024-03-18 20:32:07" level=info msg="start server...\r\ngo：http://0.0.0.0:8081"
time="2024-03-18 20:32:12" level=info msg="| 200 |   14.714351ms |             ::1 | POST | /ipblack |"
time="2024-03-18 20:32:13" level=info msg="| 200 |    2.370439ms |             ::1 | POST | /ipblack |"
time="2024-03-18 20:32:16" level=info msg="| 200 |    2.205304ms |             ::1 | POST | /ipblack |"
time="2024-03-18 20:32:25" level=info msg="| 200 |     143.458µs |             ::1 | GET | /visitors_kefu_online |"
time="2024-03-18 20:34:25" level=info msg="| 200 |     131.392µs |             ::1 | GET | /visitors_kefu_online |"
time="2024-03-18 20:36:25" level=info msg="| 200 |     106.105µs |             ::1 | GET | /visitors_kefu_online |"
time="2024-03-18 20:38:25" level=info msg="| 200 |       84.97µs |             ::1 | GET | /visitors_kefu_online |"
time="2024-03-18 20:40:25" level=info msg="| 200 |      69.665µs |             ::1 | GET | /visitors_kefu_online |"
time="2024-03-18 20:42:20" level=info msg="start server...\r\ngo：http://0.0.0.0:8081"
time="2024-03-18 20:42:25" level=info msg="| 200 |     253.839µs |             ::1 | GET | /visitors_kefu_online |"
time="2024-03-18 20:42:29" level=info msg="| 200 |    4.354339ms |             ::1 | POST | /ipblack |"
time="2024-03-18 20:43:31" level=info msg="| 200 |    1.978637ms |             ::1 | POST | /ipblack |"
time="2024-03-18 20:43:45" level=info msg="start server...\r\ngo：http://0.0.0.0:8081"
time="2024-03-18 20:43:49" level=info msg="| 200 |    4.222381ms |             ::1 | POST | /ipblack |"
time="2024-03-18 20:44:00" level=info msg="| 200 |    2.211585ms |             ::1 | POST | /ipblack |"
time="2024-03-18 20:44:25" level=info msg="| 200 |     135.363µs |             ::1 | GET | /visitors_kefu_online |"
time="2024-03-18 20:45:51" level=info msg="start server...\r\ngo：http://0.0.0.0:8081"
time="2024-03-18 20:45:53" level=info msg="| 200 |     1.93689ms |             ::1 | POST | /ipblack |"
time="2024-03-18 20:45:54" level=info msg="| 200 |      976.71µs |             ::1 | POST | /ipblack |"
time="2024-03-18 20:45:55" level=info msg="| 200 |    1.820189ms |             ::1 | POST | /ipblack |"
time="2024-03-18 20:46:08" level=info msg="start server...\r\ngo：http://0.0.0.0:8081"
time="2024-03-18 20:46:09" level=info msg="| 200 |    1.068111ms |             ::1 | POST | /ipblack |"
time="2024-03-18 20:46:12" level=info msg="| 200 |    1.750092ms |             ::1 | GET | /main |"
time="2024-03-18 20:46:12" level=info msg="| 200 |  2.838816604s |             ::1 | GET | /ws_kefu?token=eyJhbGciOiJIUzI1NiIsInR5cCI6IkpXVCJ9.eyJjcmVhdGVfdGltZSI6MTcxMDY4MzM4Nywia2VmdV9pZCI6MSwibmFtZSI6ImtlZnUyIiwicm9sZV9pZCI6MSwidHlwZSI6ImtlZnUifQ.-lmfaCtClwwHBc4eN7KTk6zZ2YDAez9TYUh_l6rXQoQ |"
time="2024-03-18 20:46:13" level=info msg="| 200 |     715.968µs |             ::1 | POST | /check_auth |"
time="2024-03-18 20:46:13" level=info msg="| 200 |    3.094488ms |             ::1 | GET | /chat_main |"
time="2024-03-18 20:46:14" level=info msg="| 200 |     186.154µs |             ::1 | GET | /visitors_kefu_online |"
time="2024-03-18 20:46:14" level=info msg="| 200 |    2.473603ms |             ::1 | GET | /kefuinfo |"
time="2024-03-18 20:46:14" level=info msg="| 200 |     30.8996ms |             ::1 | GET | /ipblacks |"
time="2024-03-18 20:46:14" level=info msg="| 200 |   47.211261ms |             ::1 | GET | /replys |"
time="2024-03-18 20:46:16" level=info msg="| 200 |    5.594107ms |             ::1 | DELETE | /ipblack?ip=127.0.0.1 |"
time="2024-03-18 20:46:16" level=info msg="| 200 |     522.562µs |             ::1 | GET | /ipblacks |"
time="2024-03-18 20:46:20" level=info msg="| 200 |    2.469954ms |       127.0.0.1 | GET | /chatIndex?kefu_id=kefu2 |"
time="2024-03-18 20:46:21" level=info msg="| 200 |   11.207446ms |       127.0.0.1 | POST | /visitor_login |"
time="2024-03-18 20:46:21" level=info msg="send_kefu_message <nil> {\"type\":\"notice\",\"data\":{\"avator\":\"/static/images/2.png\",\"content\":\"本机地址本机地址网友来了\",\"username\":\"本机地址本机地址网友\"}}"
time="2024-03-18 20:46:21" level=info msg="send_kefu_message <nil> {\"type\":\"userOnline\",\"data\":{\"avator\":\"/static/images/2.png\",\"last_message\":\"事实上\",\"uid\":\"e9d001ae-821c-4d80-b1ba-43663f8b1cda\",\"username\":\"本机地址本机地址网友\"}}"
time="2024-03-18 20:46:21" level=info msg="| 404 |         146ns |             ::1 | GET | /favicon.ico |"
time="2024-03-18 20:46:21" level=info msg="send_kefu_message <nil> {\"type\":\"userOnline\",\"data\":{\"avator\":\"/static/images/2.png\",\"last_message\":\"事实上\",\"uid\":\"e9d001ae-821c-4d80-b1ba-43663f8b1cda\",\"username\":\"本机地址本机地址网友\"}}"
time="2024-03-18 20:46:21" level=info msg="| 200 |   17.369885ms |       127.0.0.1 | GET | /2/messagesPages?page=1&pagesize=5&visitor_id=e9d001ae-821c-4d80-b1ba-43663f8b1cda |"
time="2024-03-18 20:46:21" level=info msg="| 200 |     813.834µs |       127.0.0.1 | GET | /notice?kefu_id=kefu2 |"
time="2024-03-18 20:46:24" level=info msg="| 200 |     990.215µs |             ::1 | GET | /visitor?visitorId=e9d001ae-821c-4d80-b1ba-43663f8b1cda |"
time="2024-03-18 20:46:24" level=info msg="| 200 |    2.624227ms |             ::1 | GET | /2/messagesPages?page=1&pagesize=15&visitor_id=e9d001ae-821c-4d80-b1ba-43663f8b1cda |"
time="2024-03-18 20:46:26" level=info msg="| 200 |    2.648222ms |             ::1 | POST | /ipblack |"
time="2024-03-18 20:46:27" level=info msg="| 200 |    1.161604ms |             ::1 | POST | /ipblack |"
time="2024-03-18 20:46:30" level=info msg="| 200 |    2.012619ms |             ::1 | GET | /main |"
time="2024-03-18 20:46:30" level=info msg="| 200 | 16.378942451s |             ::1 | GET | /ws_kefu?token=eyJhbGciOiJIUzI1NiIsInR5cCI6IkpXVCJ9.eyJjcmVhdGVfdGltZSI6MTcxMDY4MzM4Nywia2VmdV9pZCI6MSwibmFtZSI6ImtlZnUyIiwicm9sZV9pZCI6MSwidHlwZSI6ImtlZnUifQ.-lmfaCtClwwHBc4eN7KTk6zZ2YDAez9TYUh_l6rXQoQ |"
time="2024-03-18 20:46:31" level=info msg="| 200 |    1.208665ms |             ::1 | POST | /check_auth |"
time="2024-03-18 20:46:31" level=info msg="| 200 |    2.692105ms |             ::1 | GET | /chat_main |"
time="2024-03-18 20:46:32" level=info msg="| 200 |    1.020591ms |             ::1 | GET | /ipblacks |"
time="2024-03-18 20:46:32" level=info msg="| 200 |    2.811189ms |             ::1 | GET | /replys |"
time="2024-03-18 20:46:32" level=info msg="| 200 |    5.206569ms |             ::1 | GET | /visitors_kefu_online |"
time="2024-03-18 20:46:32" level=info msg="| 200 |     9.54815ms |             ::1 | GET | /kefuinfo |"
time="2024-03-18 20:46:33" level=info msg="| 200 |    3.283918ms |             ::1 | DELETE | /ipblack?ip=127.0.0.1 |"
time="2024-03-18 20:46:33" level=info msg="| 200 |     484.969µs |             ::1 | GET | /ipblacks |"
time="2024-03-18 20:46:35" level=info msg="| 200 |     969.576µs |             ::1 | GET | /visitor?visitorId=e9d001ae-821c-4d80-b1ba-43663f8b1cda |"
time="2024-03-18 20:46:35" level=info msg="| 200 |    2.527396ms |             ::1 | GET | /2/messagesPages?page=1&pagesize=15&visitor_id=e9d001ae-821c-4d80-b1ba-43663f8b1cda |"
time="2024-03-18 20:46:36" level=info msg="| 200 |    1.872885ms |             ::1 | POST | /ipblack |"
time="2024-03-18 20:48:32" level=info msg="| 200 |    1.451813ms |             ::1 | GET | /visitors_kefu_online |"
time="2024-03-18 20:48:57" level=info msg="| 200 |    2.281753ms |             ::1 | GET | /2/messagesPages?page=2&pagesize=15&visitor_id=e9d001ae-821c-4d80-b1ba-43663f8b1cda |"
time="2024-03-18 20:50:32" level=info msg="| 200 |    4.000149ms |             ::1 | GET | /visitors_kefu_online |"
time="2024-03-18 20:52:32" level=info msg="| 200 |    3.277851ms |             ::1 | GET | /visitors_kefu_online |"
time="2024-03-18 20:54:32" level=info msg="| 200 |    2.977156ms |             ::1 | GET | /visitors_kefu_online |"
time="2024-03-18 20:56:23" level=info msg="send_kefu_message <nil> {\"type\":\"userOffline\",\"data\":{\"name\":\"本机地址本机地址网友\",\"uid\":\"e9d001ae-821c-4d80-b1ba-43663f8b1cda\"}}"
time="2024-03-18 20:56:23" level=info msg="| 200 | 10m2.404114414s |       127.0.0.1 | GET | /ws_visitor?visitor_id=e9d001ae-821c-4d80-b1ba-43663f8b1cda |"
time="2024-03-18 20:56:32" level=info msg="| 200 |      67.774µs |             ::1 | GET | /visitors_kefu_online |"
time="2024-03-18 20:56:39" level=info msg="| 200 |    6.463306ms |             ::1 | GET | /login |"
time="2024-03-18 20:56:39" level=info msg="| 200 | 10m7.629203562s |             ::1 | GET | /ws_kefu?token=eyJhbGciOiJIUzI1NiIsInR5cCI6IkpXVCJ9.eyJjcmVhdGVfdGltZSI6MTcxMDY4MzM4Nywia2VmdV9pZCI6MSwibmFtZSI6ImtlZnUyIiwicm9sZV9pZCI6MSwidHlwZSI6ImtlZnUifQ.-lmfaCtClwwHBc4eN7KTk6zZ2YDAez9TYUh_l6rXQoQ |"
time="2024-03-18 20:56:40" level=info msg="| 200 |    1.451832ms |             ::1 | GET | /login |"
time="2024-03-18 20:56:49" level=info msg="| 200 |    1.118495ms |             ::1 | POST | /check |"
time="2024-03-18 20:56:49" level=info msg="| 200 |    6.779796ms |             ::1 | GET | /main |"
time="2024-03-18 20:56:49" level=info msg="| 200 |     760.272µs |             ::1 | POST | /check_auth |"
time="2024-03-18 20:56:49" level=info msg="| 200 |    4.180533ms |             ::1 | GET | /chat_main |"
time="2024-03-18 20:56:50" level=info msg="| 200 |     128.629µs |             ::1 | GET | /visitors_kefu_online |"
time="2024-03-18 20:56:50" level=info msg="| 200 |    1.908534ms |             ::1 | GET | /kefuinfo |"
time="2024-03-18 20:56:50" level=info msg="| 200 |    4.422317ms |             ::1 | GET | /ipblacks |"
time="2024-03-18 20:56:50" level=info msg="| 200 |    6.781541ms |             ::1 | GET | /replys |"
time="2024-03-18 20:56:51" level=info msg="| 200 |    2.162335ms |             ::1 | GET | /setting |"
time="2024-03-18 20:56:51" level=info msg="| 200 |  944.595757ms |             ::1 | GET | /ws_kefu?token=eyJhbGciOiJIUzI1NiIsInR5cCI6IkpXVCJ9.eyJjcmVhdGVfdGltZSI6MTcxMDc2NjYwOSwia2VmdV9pZCI6MiwibmFtZSI6InJvb3QiLCJyb2xlX2lkIjoxLCJ0eXBlIjoia2VmdSJ9.mwPBGlLlpaSdUjQ30VMVrY_rcH7fJfK5FWODu48HsYs |"
time="2024-03-18 20:56:52" level=info msg="| 200 |    1.758986ms |             ::1 | GET | /setting_statistics |"
time="2024-03-18 20:56:52" level=info msg="| 200 |     984.785µs |             ::1 | GET | /statistics |"
time="2024-03-18 20:56:55" level=info msg="| 200 |    2.848643ms |             ::1 | GET | /setting_modifypass |"
time="2024-03-18 20:56:57" level=info msg="| 200 |    1.745338ms |             ::1 | GET | /setting_statistics |"
time="2024-03-18 20:56:57" level=info msg="| 200 |     698.873µs |             ::1 | GET | /statistics |"
time="2024-03-18 20:56:59" level=info msg="| 200 |    2.659584ms |             ::1 | GET | /setting_avator |"
time="2024-03-18 20:56:59" level=info msg="| 200 |     1.11546ms |             ::1 | GET | /kefuinfo |"
time="2024-03-18 20:57:05" level=info msg="| 200 |    1.574642ms |             ::1 | GET | /setting_modifypass |"
time="2024-03-18 20:57:07" level=info msg="| 200 |    2.405221ms |             ::1 | GET | /setting_statistics |"
time="2024-03-18 20:57:08" level=info msg="| 200 |    2.239149ms |             ::1 | GET | /statistics |"
time="2024-03-18 20:57:14" level=info msg="| 200 |    1.735224ms |             ::1 | GET | /setting_config |"
time="2024-03-18 20:57:14" level=info msg="| 200 |    1.105524ms |             ::1 | GET | /configs |"
time="2024-03-18 20:57:15" level=info msg="| 200 |    2.201857ms |             ::1 | GET | /setting_ipblack |"
time="2024-03-18 20:57:15" level=info msg="| 200 |     787.272µs |             ::1 | GET | /ipblacks_all |"
time="2024-03-18 20:57:16" level=info msg="| 200 |    1.602229ms |             ::1 | GET | /setting_deploy |"
time="2024-03-18 20:57:18" level=info msg="| 200 |    2.463706ms |             ::1 | GET | /setting_config |"
time="2024-03-18 20:57:18" level=info msg="| 200 |     796.685µs |             ::1 | GET | /configs |"
time="2024-03-18 20:57:21" level=info msg="| 200 |    1.287979ms |             ::1 | GET | /login |"
time="2024-03-18 20:57:23" level=info msg="| 200 |    1.308446ms |             ::1 | GET | /login |"
time="2024-03-18 20:57:31" level=info msg="| 200 |     1.13071ms |             ::1 | POST | /check |"
time="2024-03-18 20:57:31" level=info msg="| 200 |    1.924742ms |             ::1 | GET | /main |"
time="2024-03-18 20:57:31" level=info msg="| 200 |     650.682µs |             ::1 | POST | /check_auth |"
time="2024-03-18 20:57:31" level=info msg="| 200 |     8.32394ms |             ::1 | GET | /chat_main |"
time="2024-03-18 20:57:32" level=info msg="| 200 |      61.824µs |             ::1 | GET | /visitors_kefu_online |"
time="2024-03-18 20:57:32" level=info msg="| 200 |    2.108193ms |             ::1 | GET | /replys |"
time="2024-03-18 20:57:32" level=info msg="| 200 |    3.462532ms |             ::1 | GET | /kefuinfo |"
time="2024-03-18 20:57:32" level=info msg="| 200 |     5.97291ms |             ::1 | GET | /ipblacks |"
time="2024-03-18 20:57:35" level=info msg="| 200 |    1.541608ms |             ::1 | GET | /pannel |"
time="2024-03-18 20:57:35" level=info msg="| 200 |  3.353603574s |             ::1 | GET | /ws_kefu?token=eyJhbGciOiJIUzI1NiIsInR5cCI6IkpXVCJ9.eyJjcmVhdGVfdGltZSI6MTcxMDc2NjY1MSwia2VmdV9pZCI6MiwibmFtZSI6InJvb3QiLCJyb2xlX2lkIjoxLCJ0eXBlIjoia2VmdSJ9.H_q-nR7_nrQdv5AqGUqezcZ7bmcuMuL_rHgVE5xtAQI |"
time="2024-03-18 20:57:36" level=info msg="| 200 |    6.463786ms |             ::1 | GET | /kefu/chartStatistics |"
time="2024-03-18 20:57:40" level=info msg="| 200 |     2.97598ms |             ::1 | GET | /chat_main |"
time="2024-03-18 20:57:40" level=info msg="| 200 |      51.142µs |             ::1 | GET | /visitors_kefu_online |"
time="2024-03-18 20:57:40" level=info msg="| 200 |     618.278µs |             ::1 | GET | /ipblacks |"
time="2024-03-18 20:57:40" level=info msg="| 200 |    1.422072ms |             ::1 | GET | /replys |"
time="2024-03-18 20:57:40" level=info msg="| 200 |    2.495965ms |             ::1 | GET | /kefuinfo |"
time="2024-03-18 20:57:41" level=info msg="| 200 |    1.318367ms |             ::1 | GET | /visitors?page=1 |"
time="2024-03-18 20:57:43" level=info msg="| 200 |      63.282µs |             ::1 | GET | /visitors_kefu_online |"
time="2024-03-18 20:57:50" level=info msg="| 200 |    2.528847ms |             ::1 | GET | /setting |"
time="2024-03-18 20:57:50" level=info msg="| 200 |  9.432752261s |             ::1 | GET | /ws_kefu?token=eyJhbGciOiJIUzI1NiIsInR5cCI6IkpXVCJ9.eyJjcmVhdGVfdGltZSI6MTcxMDc2NjY1MSwia2VmdV9pZCI6MiwibmFtZSI6InJvb3QiLCJyb2xlX2lkIjoxLCJ0eXBlIjoia2VmdSJ9.H_q-nR7_nrQdv5AqGUqezcZ7bmcuMuL_rHgVE5xtAQI |"
time="2024-03-18 20:57:50" level=info msg="| 200 |    2.510156ms |             ::1 | GET | /setting_statistics |"
time="2024-03-18 20:57:51" level=info msg="| 200 |    2.020286ms |             ::1 | GET | /statistics |"
time="2024-03-18 20:57:54" level=info msg="| 200 |    2.235516ms |             ::1 | GET | /setting_modifypass |"
time="2024-03-18 20:57:56" level=info msg="| 200 |    1.653749ms |             ::1 | GET | /setting_avator |"
time="2024-03-18 20:57:57" level=info msg="| 200 |    1.198524ms |             ::1 | GET | /kefuinfo |"
time="2024-03-18 20:57:59" level=info msg="| 200 |    2.173214ms |             ::1 | GET | /setting_config |"
time="2024-03-18 20:57:59" level=info msg="| 200 |    1.033536ms |             ::1 | GET | /configs |"
time="2024-03-18 20:58:02" level=info msg="| 200 |    1.471148ms |             ::1 | GET | /setting_ipblack |"
time="2024-03-18 20:58:03" level=info msg="| 200 |     764.171µs |             ::1 | GET | /ipblacks_all |"
time="2024-03-18 20:58:06" level=info msg="| 200 |    2.182211ms |             ::1 | GET | /setting_deploy |"
time="2024-03-18 21:00:06" level=info msg="| 200 |     2.43306ms |             ::1 | GET | /login |"
time="2024-03-18 21:00:06" level=info msg="| 200 |    1.960112ms |             ::1 | GET | /login |"
time="2024-03-18 21:00:12" level=info msg="| 200 |    1.048521ms |             ::1 | POST | /check |"
time="2024-03-18 21:00:12" level=info msg="| 200 |    1.398697ms |             ::1 | GET | /main |"
time="2024-03-18 21:00:13" level=info msg="| 200 |      718.58µs |             ::1 | POST | /check_auth |"
time="2024-03-18 21:00:13" level=info msg="| 200 |    3.976027ms |             ::1 | GET | /chat_main |"
time="2024-03-18 21:00:14" level=info msg="| 200 |       73.43µs |             ::1 | GET | /visitors_kefu_online |"
time="2024-03-18 21:00:14" level=info msg="| 200 |    1.895284ms |             ::1 | GET | /replys |"
time="2024-03-18 21:00:14" level=info msg="| 200 |    3.994358ms |             ::1 | GET | /ipblacks |"
time="2024-03-18 21:00:14" level=info msg="| 200 |    7.458412ms |             ::1 | GET | /kefuinfo |"
time="2024-03-18 21:00:16" level=info msg="| 200 |    1.038201ms |             ::1 | GET | /visitors?page=1 |"
time="2024-03-18 21:00:17" level=info msg="| 200 |       67.24µs |             ::1 | GET | /visitors_kefu_online |"
time="2024-03-18 21:00:18" level=info msg="| 200 |    1.170725ms |             ::1 | GET | /visitors?page=1 |"
time="2024-03-18 21:00:19" level=info msg="| 200 |      76.827µs |             ::1 | GET | /visitors_kefu_online |"
time="2024-03-18 21:00:23" level=info msg="| 200 |     2.25683ms |       127.0.0.1 | GET | /chatIndex?kefu_id=kefu2 |"
time="2024-03-18 21:00:23" level=info msg="| 200 |     596.329µs |       127.0.0.1 | POST | /visitor_login |"
time="2024-03-18 21:00:26" level=info msg="| 200 |    1.616163ms |             ::1 | GET | /setting |"
time="2024-03-18 21:00:26" level=info msg="| 200 |   12.6669211s |             ::1 | GET | /ws_kefu?token=eyJhbGciOiJIUzI1NiIsInR5cCI6IkpXVCJ9.eyJjcmVhdGVfdGltZSI6MTcxMDc2NjgxMiwia2VmdV9pZCI6MywibmFtZSI6ImNqayIsInJvbGVfaWQiOjEsInR5cGUiOiJrZWZ1In0.VoA0VyAo3QvUFpHjObMZ2zQZmv7Isd63b4VjNk7MBg0 |"
time="2024-03-18 21:00:27" level=info msg="| 200 |    2.419265ms |             ::1 | GET | /setting_statistics |"
time="2024-03-18 21:00:28" level=info msg="| 200 |    1.433619ms |             ::1 | GET | /statistics |"
time="2024-03-18 21:00:30" level=info msg="| 200 |    2.109689ms |             ::1 | GET | /setting_ipblack |"
time="2024-03-18 21:00:30" level=info msg="| 200 |     778.932µs |             ::1 | GET | /ipblacks_all |"
time="2024-03-18 21:00:31" level=info msg="| 200 |    2.797092ms |             ::1 | DELETE | /ipblack?ip=127.0.0.1 |"
time="2024-03-18 21:00:31" level=info msg="| 200 |     714.746µs |             ::1 | GET | /ipblacks_all |"
time="2024-03-18 21:00:33" level=info msg="| 200 |    1.627218ms |             ::1 | GET | /pannel |"
time="2024-03-18 21:00:33" level=info msg="| 200 |     821.895µs |             ::1 | GET | /kefu/chartStatistics |"
time="2024-03-18 21:00:34" level=info msg="| 200 |    1.267681ms |       127.0.0.1 | GET | /chatIndex?kefu_id=kefu2 |"
time="2024-03-18 21:00:34" level=info msg="| 200 |    9.182125ms |       127.0.0.1 | POST | /visitor_login |"
time="2024-03-18 21:00:34" level=info msg="| 200 |    2.315711ms |       127.0.0.1 | GET | /2/messagesPages?page=1&pagesize=5&visitor_id=e9d001ae-821c-4d80-b1ba-43663f8b1cda |"
time="2024-03-18 21:00:35" level=info msg="| 200 |     837.201µs |       127.0.0.1 | GET | /notice?kefu_id=kefu2 |"
time="2024-03-18 21:00:37" level=info msg="| 200 |    3.395738ms |             ::1 | GET | /chat_main |"
time="2024-03-18 21:00:37" level=info msg="| 200 |     126.659µs |             ::1 | GET | /visitors_kefu_online |"
time="2024-03-18 21:00:37" level=info msg="| 200 |     801.005µs |             ::1 | GET | /ipblacks |"
time="2024-03-18 21:00:37" level=info msg="| 200 |    3.623716ms |             ::1 | GET | /kefuinfo |"
time="2024-03-18 21:00:37" level=info msg="| 200 |    2.832578ms |             ::1 | GET | /replys |"
time="2024-03-18 21:00:38" level=info msg="| 200 |     993.758µs |             ::1 | GET | /visitors?page=1 |"
time="2024-03-18 21:00:39" level=info msg="| 200 |      81.749µs |             ::1 | GET | /visitors_kefu_online |"
time="2024-03-18 21:00:41" level=info msg="| 200 |    2.003894ms |       127.0.0.1 | GET | /chatIndex?kefu_id=kefu2 |"
time="2024-03-18 21:00:41" level=info msg="| 200 |  6.504210162s |       127.0.0.1 | GET | /ws_visitor?visitor_id=e9d001ae-821c-4d80-b1ba-43663f8b1cda |"
time="2024-03-18 21:00:41" level=info msg="| 200 |    5.541197ms |       127.0.0.1 | POST | /visitor_login |"
time="2024-03-18 21:00:41" level=info msg="| 200 |     5.04104ms |       127.0.0.1 | GET | /2/messagesPages?page=1&pagesize=5&visitor_id=e9d001ae-821c-4d80-b1ba-43663f8b1cda |"
time="2024-03-18 21:00:42" level=info msg="| 200 |    1.307358ms |       127.0.0.1 | GET | /notice?kefu_id=kefu2 |"
time="2024-03-18 21:02:38" level=info msg="| 200 |      67.487µs |             ::1 | GET | /visitors_kefu_online |"
